<?xml version="1.0" encoding="UTF-8"?>
<testsuite xmlns:xsi="http://www.w3.org/2001/XMLSchema-instance" xsi:noNamespaceSchemaLocation="https://maven.apache.org/surefire/maven-surefire-plugin/xsd/surefire-test-report-3.0.xsd" version="3.0" name="login.RunLoginTest" time="0.152" tests="3" errors="0" skipped="0" failures="0">
  <properties>
[...]
</properties>
  <testcase name="Example #1" classname="Examples" time="0.066">
    <system-out><![CDATA[
@LoginCorrectCredentials
Scenario Outline: Login with the correct credentials                &amp#27;[90m# login/login.feature:12&amp#27;[0m
Login page
  &amp#27;[32mGiven &amp#27;[0m&amp#27;[32mI am in the login page of Ottomoto&amp#27;[0m                          &amp#27;[90m# login.StepLogin.i_am_in_the_login_page_of_ottomoto()&amp#27;[0m
Username tonyffer7@hotmail.com and Password 123* correctly
  &amp#27;[32mWhen &amp#27;[0m&amp#27;[32mI input the &amp#27;[0m&amp#27;[32m&amp#27;[1m"tonyffer7@hotmail.com"&amp#27;[0m&amp#27;[32m and the &amp#27;[0m&amp#27;[32m&amp#27;[1m"123*"&amp#27;[0m&amp#27;[32m correctly&amp#27;[0m &amp#27;[90m# login.StepLogin.i_input_the_and_the_correctly(java.lang.String,java.lang.String)&amp#27;[0m
Successfully login
  &amp#27;[32mThen &amp#27;[0m&amp#27;[32mI should be logged in the home page&amp#27;[0m                          &amp#27;[90m# login.StepLogin.i_should_be_logged_in_the_home_page()&amp#27;[0m
]]></system-out>
  </testcase>
  <testcase name="Example #1" classname="Examples" time="0.005">
    <system-out><![CDATA[
@LoginWrongCredentials
Scenario Outline: Login with the wrong credentials                      &amp#27;[90m# login/login.feature:24&amp#27;[0m
Login page
  &amp#27;[32mGiven &amp#27;[0m&amp#27;[32mI am in the login page of Ottomoto&amp#27;[0m                              &amp#27;[90m# login.StepLogin.i_am_in_the_login_page_of_ottomoto()&amp#27;[0m
Username tonyffer7@hotmail.com and Password 12345* incorrectly
  &amp#27;[32mWhen &amp#27;[0m&amp#27;[32mI input the &amp#27;[0m&amp#27;[32m&amp#27;[1m"tonyffer7@hotmail.com"&amp#27;[0m&amp#27;[32m and the &amp#27;[0m&amp#27;[32m&amp#27;[1m"12345*"&amp#27;[0m&amp#27;[32m incorrectly&amp#27;[0m &amp#27;[90m# login.StepLogin.iInputTheAndTheIncorrectly(java.lang.String,java.lang.String)&amp#27;[0m
Wrong credentials!!
  &amp#27;[32mThen &amp#27;[0m&amp#27;[32mI should get a wrong credentials message&amp#27;[0m                         &amp#27;[90m# login.StepLogin.iShouldGetAWrongCredentialsMessage()&amp#27;[0m
]]></system-out>
  </testcase>
  <testcase name="Example #1" classname="Examples" time="0.005">
    <system-out><![CDATA[
@LoginInvalidEmailFormat
Scenario Outline: Login with invalid email format                             &amp#27;[90m# login/login.feature:35&amp#27;[0m
Login page
  &amp#27;[32mGiven &amp#27;[0m&amp#27;[32mI am in the login page of Ottomoto&amp#27;[0m                                    &amp#27;[90m# login.StepLogin.i_am_in_the_login_page_of_ottomoto()&amp#27;[0m
Username tonyffer7*g.com and Password 123* invalid email
  &amp#27;[32mWhen &amp#27;[0m&amp#27;[32mI input the &amp#27;[0m&amp#27;[32m&amp#27;[1m"tonyffer7*g.com"&amp#27;[0m&amp#27;[32m and the &amp#27;[0m&amp#27;[32m&amp#27;[1m"123*"&amp#27;[0m&amp#27;[32m with invalid email format&amp#27;[0m &amp#27;[90m# login.StepLogin.iInputTheAndTheWithInvalidEmailFormat(java.lang.String,java.lang.String)&amp#27;[0m
Invalid email!!
  &amp#27;[32mThen &amp#27;[0m&amp#27;[32mI should get a invalid email format message&amp#27;[0m                            &amp#27;[90m# login.StepLogin.iShouldGetAInvalidEmailFormatMessage()&amp#27;[0m
]]></system-out>
  </testcase>
</testsuite>